
> web@0.1.0 build
> next build --turbopack

   ▲ Next.js 15.5.5 (Turbopack)
   - Environments: .env

   Creating an optimized production build ...
 ✓ Finished writing to disk in 120ms
 ✓ Compiled successfully in 11.4s
   Linting and checking validity of types ...

./src/app/(dashboard)/admin/users/permissions/page.tsx
6:10  Warning: 'MESSAGES' is defined but never used.  @typescript-eslint/no-unused-vars

./src/components/booking/BookingFilter.tsx
12:10  Warning: 'vi' is defined but never used.  @typescript-eslint/no-unused-vars

./src/components/dashboard/CustomerReviews.tsx
4:26  Warning: 'ChevronDown' is defined but never used.  @typescript-eslint/no-unused-vars

./src/components/dashboard/DashboardStats.tsx
3:33  Warning: 'Settings' is defined but never used.  @typescript-eslint/no-unused-vars

./src/components/dashboard/RevenueChart.tsx
5:10  Warning: 'useQuery' is defined but never used.  @typescript-eslint/no-unused-vars
66:9  Warning: 'fromDateString' is assigned a value but never used.  @typescript-eslint/no-unused-vars
67:9  Warning: 'toDateString' is assigned a value but never used.  @typescript-eslint/no-unused-vars

./src/components/layouts/AdminSidebar.tsx
3:52  Warning: 'Tags' is defined but never used.  @typescript-eslint/no-unused-vars

./src/components/layouts/Header.tsx
6:8  Warning: 'Image' is defined but never used.  @typescript-eslint/no-unused-vars

./src/features/auth/components/VerifyEmail.tsx
21:13  Warning: 'set' is defined but never used.  @typescript-eslint/no-unused-vars
64:6  Warning: React Hook useEffect has an unnecessary dependency: 'verifyEmail'. Either exclude it or remove the dependency array. Outer scope values like 'verifyEmail' aren't valid dependencies because mutating them doesn't re-render the component.  react-hooks/exhaustive-deps

./src/features/permissions/mutations.ts
3:10  Warning: 'Permission' is defined but never used.  @typescript-eslint/no-unused-vars

./src/features/roles/component/PermissionAssignRoleDialog.tsx
31:3  Warning: 'Popover' is defined but never used.  @typescript-eslint/no-unused-vars
32:3  Warning: 'PopoverTrigger' is defined but never used.  @typescript-eslint/no-unused-vars
33:3  Warning: 'PopoverContent' is defined but never used.  @typescript-eslint/no-unused-vars
39:3  Warning: 'CommandEmpty' is defined but never used.  @typescript-eslint/no-unused-vars
83:6  Warning: React Hook useEffect has a missing dependency: 'form'. Either include it or remove the dependency array.  react-hooks/exhaustive-deps

./src/features/roles/component/RoleFormDialog.tsx
2:28  Warning: 'useState' is defined but never used.  @typescript-eslint/no-unused-vars
56:6  Warning: React Hook useEffect has a missing dependency: 'form'. Either include it or remove the dependency array.  react-hooks/exhaustive-deps

./src/features/roles/mutations.ts
3:10  Warning: 'Role' is defined but never used.  @typescript-eslint/no-unused-vars

info  - Need to disable some ESLint rules? Learn more here: https://nextjs.org/docs/app/api-reference/config/eslint#disabling-rules
Failed to compile.

./src/app/(dashboard)/admin/users/permissions/page.tsx:122:43
Type error: Property 'filter' does not exist on type 'PaginatedResponse<Permission> | never[]'.
  Property 'filter' does not exist on type 'PaginatedResponse<Permission>'.

[0m [90m 120 |[39m
 [90m 121 |[39m   [90m// Filter permissions based on search term[39m
[31m[1m>[22m[39m[90m 122 |[39m   [36mconst[39m filteredPermissions [33m=[39m permissions[33m.[39mfilter(
 [90m     |[39m                                           [31m[1m^[22m[39m
 [90m 123 |[39m     (permission) [33m=>[39m
 [90m 124 |[39m       permission[33m.[39mname[33m.[39mtoLowerCase()[33m.[39mincludes(searchTerm[33m.[39mtoLowerCase()) [33m||[39m
 [90m 125 |[39m       (permission[33m.[39mdescription [33m&&[39m[0m
Next.js build worker exited with code: 1 and signal: null
npm error Lifecycle script `build` failed with error:
npm error code 1
npm error path D:\Workspace\hotelbooking\apps\web
npm error workspace web@0.1.0
npm error location D:\Workspace\hotelbooking\apps\web
npm error command failed
npm error command C:\Windows\system32\cmd.exe /d /s /c next build --turbopack
